This is e-pTeX, Version 3.141592653-p4.0.0-220214-2.6 (utf8.euc) (TeX Live 2022) (preloaded format=platex 2022.8.12)  21 AUG 2024 16:08
entering extended mode
 restricted \write18 enabled.
 %&-line parsing enabled.
**elementary.
(/usr/local/texlive/2022/texmf-dist/tex/latex/tools/q.tex
pLaTeX2e <2021-11-15> (based on LaTeX2e <2022-06-01> patch level 5)
L3 programming layer <2022-08-05> File ignored
)
! Emergency stop.
<*> elementary.
               
*** (job aborted, no legal \end found)

 
Here is how much of TeX's memory you used:
 20 strings out of 478137
 467 string characters out of 5841546
 306257 words of memory out of 5000000
 19141 multiletter control sequences out of 15000+600000
 473130 words of font info for 45 fonts, out of 8000000 for 9000
 929 hyphenation exceptions out of 8191
 15i,0n,23p,91b,18s stack positions out of 10000i,1000n,20000p,200000b,200000s
No pages of output.
